app/build/intermediates/manifest_merge_blame_file/debug/processDebugMainManifest/manifest-merger-blame-debug-report.txt
1<?xml version="1.0" encoding="utf-8"?>
2<manifest xmlns:android="http://schemas.android.com/apk/res/android"
3    package="com.example.agriconnect"
4    android:versionCode="1"
5    android:versionName="1.0" >
6
7    <uses-sdk
8        android:minSdkVersion="29"
9        android:targetSdkVersion="34" />
10
11    <uses-permission android:name="android.permission.INTERNET" />
11-->src\main\AndroidManifest.xml:6:5-66
11-->src\main\AndroidManifest.xml:6:22-64
12    <uses-permission android:name="com.example.otherapp.permission.READ_DATA" />
12-->src\main\AndroidManifest.xml:39:5-81
12-->src\main\AndroidManifest.xml:39:22-78
13
14    <!-- See https://developer.android.com/training/package-visibility/declaring for more details. -->
15    <queries>
15-->[com.stripe:payments-core:21.0.1] AndroidManifest.xml:8:5-12:15
16
17        <!-- Added to check if Chrome is installed for browser-based payment authentication (e.g. 3DS1). -->
18        <package android:name="com.android.chrome" />
18-->[com.stripe:payments-core:21.0.1] AndroidManifest.xml:11:9-54
18-->[com.stripe:payments-core:21.0.1] AndroidManifest.xml:11:18-51
19        <!-- Needs to be explicitly declared on Android R+ -->
20        <package android:name="com.google.android.apps.maps" />
20-->[com.google.android.gms:play-services-maps:18.0.2] AndroidManifest.xml:33:9-64
20-->[com.google.android.gms:play-services-maps:18.0.2] AndroidManifest.xml:33:18-61
21    </queries>
22
23    <uses-permission android:name="android.permission.ACCESS_NETWORK_STATE" />
23-->[com.google.firebase:firebase-auth:23.0.0] AndroidManifest.xml:26:5-79
23-->[com.google.firebase:firebase-auth:23.0.0] AndroidManifest.xml:26:22-76
24    <uses-permission android:name="android.permission.WAKE_LOCK" />
24-->[com.google.android.gms:play-services-measurement:22.1.0] AndroidManifest.xml:25:5-68
24-->[com.google.android.gms:play-services-measurement:22.1.0] AndroidManifest.xml:25:22-65
25    <uses-permission android:name="com.google.android.finsky.permission.BIND_GET_INSTALL_REFERRER_SERVICE" />
25-->[com.google.android.gms:play-services-measurement:22.1.0] AndroidManifest.xml:26:5-110
25-->[com.google.android.gms:play-services-measurement:22.1.0] AndroidManifest.xml:26:22-107
26    <uses-permission android:name="com.google.android.gms.permission.AD_ID" />
26-->[com.google.android.gms:play-services-measurement-api:22.1.0] AndroidManifest.xml:25:5-79
26-->[com.google.android.gms:play-services-measurement-api:22.1.0] AndroidManifest.xml:25:22-76
27    <uses-permission android:name="android.permission.ACCESS_ADSERVICES_ATTRIBUTION" />
27-->[com.google.android.gms:play-services-measurement-api:22.1.0] AndroidManifest.xml:26:5-88
27-->[com.google.android.gms:play-services-measurement-api:22.1.0] AndroidManifest.xml:26:22-85
28    <uses-permission android:name="android.permission.ACCESS_ADSERVICES_AD_ID" />
28-->[com.google.android.gms:play-services-measurement-api:22.1.0] AndroidManifest.xml:27:5-82
28-->[com.google.android.gms:play-services-measurement-api:22.1.0] AndroidManifest.xml:27:22-79
29    <uses-permission android:name="com.google.android.providers.gsf.permission.READ_GSERVICES" />
29-->[com.google.android.recaptcha:recaptcha:18.4.0] AndroidManifest.xml:9:5-98
29-->[com.google.android.recaptcha:recaptcha:18.4.0] AndroidManifest.xml:9:22-95
30
31    <uses-feature
31-->[com.google.android.gms:play-services-maps:18.0.2] AndroidManifest.xml:26:5-28:35
32        android:glEsVersion="0x00020000"
32-->[com.google.android.gms:play-services-maps:18.0.2] AndroidManifest.xml:27:9-41
33        android:required="true" />
33-->[com.google.android.gms:play-services-maps:18.0.2] AndroidManifest.xml:28:9-32
34
35    <permission
35-->[androidx.core:core:1.13.1] AndroidManifest.xml:22:5-24:47
36        android:name="com.example.agriconnect.DYNAMIC_RECEIVER_NOT_EXPORTED_PERMISSION"
36-->[androidx.core:core:1.13.1] AndroidManifest.xml:23:9-81
37        android:protectionLevel="signature" />
37-->[androidx.core:core:1.13.1] AndroidManifest.xml:24:9-44
38
39    <uses-permission android:name="com.example.agriconnect.DYNAMIC_RECEIVER_NOT_EXPORTED_PERMISSION" />
39-->[androidx.core:core:1.13.1] AndroidManifest.xml:26:5-97
39-->[androidx.core:core:1.13.1] AndroidManifest.xml:26:22-94
40
41    <application
41-->src\main\AndroidManifest.xml:7:5-38:19
42        android:allowBackup="true"
42-->src\main\AndroidManifest.xml:8:9-35
43        android:appComponentFactory="androidx.core.app.CoreComponentFactory"
43-->[androidx.core:core:1.13.1] AndroidManifest.xml:28:18-86
44        android:dataExtractionRules="@xml/data_extraction_rules"
44-->src\main\AndroidManifest.xml:9:9-65
45        android:debuggable="true"
46        android:extractNativeLibs="false"
47        android:fullBackupContent="@xml/backup_rules"
47-->src\main\AndroidManifest.xml:10:9-54
48        android:icon="@mipmap/ic_launcher"
48-->src\main\AndroidManifest.xml:11:9-43
49        android:label="@string/app_name"
49-->src\main\AndroidManifest.xml:12:9-41
50        android:roundIcon="@mipmap/ic_launcher_round"
50-->src\main\AndroidManifest.xml:13:9-54
51        android:supportsRtl="true"
51-->src\main\AndroidManifest.xml:14:9-35
52        android:testOnly="true"
53        android:theme="@style/Theme.AGRICONNECT" >
53-->src\main\AndroidManifest.xml:15:9-49
54        <activity
54-->src\main\AndroidManifest.xml:17:9-19:40
55            android:name="com.example.agriconnect.Farmer_Main.FarmerMainActivity"
55-->src\main\AndroidManifest.xml:18:13-59
56            android:exported="false" />
56-->src\main\AndroidManifest.xml:19:13-37
57        <activity
57-->src\main\AndroidManifest.xml:20:9-22:40
58            android:name="com.example.agriconnect.Basic.SignIn"
58-->src\main\AndroidManifest.xml:21:13-41
59            android:exported="false" />
59-->src\main\AndroidManifest.xml:22:13-37
60        <activity
60-->src\main\AndroidManifest.xml:23:9-25:40
61            android:name="com.example.agriconnect.Basic.SignUp"
61-->src\main\AndroidManifest.xml:24:13-41
62            android:exported="false" />
62-->src\main\AndroidManifest.xml:25:13-37
63        <activity
63-->src\main\AndroidManifest.xml:26:9-35:20
64            android:name="com.example.agriconnect.Basic.MainActivity"
64-->src\main\AndroidManifest.xml:27:13-47
65            android:exported="true" >
65-->src\main\AndroidManifest.xml:28:13-36
66            <intent-filter>
66-->src\main\AndroidManifest.xml:29:13-33:29
67                <action android:name="android.intent.action.MAIN" />
67-->src\main\AndroidManifest.xml:30:17-69
67-->src\main\AndroidManifest.xml:30:25-66
68
69                <category android:name="android.intent.category.LAUNCHER" />
69-->src\main\AndroidManifest.xml:32:17-77
69-->src\main\AndroidManifest.xml:32:27-74
70            </intent-filter>
71        </activity>
72        <activity
72-->[com.stripe:paymentsheet:21.0.1] AndroidManifest.xml:8:9-11:69
73            android:name="com.stripe.android.paymentsheet.PaymentSheetActivity"
73-->[com.stripe:paymentsheet:21.0.1] AndroidManifest.xml:9:13-80
74            android:exported="false"
74-->[com.stripe:paymentsheet:21.0.1] AndroidManifest.xml:10:13-37
75            android:theme="@style/StripePaymentSheetDefaultTheme" />
75-->[com.stripe:paymentsheet:21.0.1] AndroidManifest.xml:11:13-66
76        <activity
76-->[com.stripe:paymentsheet:21.0.1] AndroidManifest.xml:12:9-15:69
77            android:name="com.stripe.android.paymentsheet.PaymentOptionsActivity"
77-->[com.stripe:paymentsheet:21.0.1] AndroidManifest.xml:13:13-82
78            android:exported="false"
78-->[com.stripe:paymentsheet:21.0.1] AndroidManifest.xml:14:13-37
79            android:theme="@style/StripePaymentSheetDefaultTheme" />
79-->[com.stripe:paymentsheet:21.0.1] AndroidManifest.xml:15:13-66
80        <activity
80-->[com.stripe:paymentsheet:21.0.1] AndroidManifest.xml:16:9-19:69
81            android:name="com.stripe.android.customersheet.CustomerSheetActivity"
81-->[com.stripe:paymentsheet:21.0.1] AndroidManifest.xml:17:13-82
82            android:exported="false"
82-->[com.stripe:paymentsheet:21.0.1] AndroidManifest.xml:18:13-37
83            android:theme="@style/StripePaymentSheetDefaultTheme" />
83-->[com.stripe:paymentsheet:21.0.1] AndroidManifest.xml:19:13-66
84        <activity
84-->[com.stripe:paymentsheet:21.0.1] AndroidManifest.xml:20:9-23:69
85            android:name="com.stripe.android.paymentsheet.addresselement.AddressElementActivity"
85-->[com.stripe:paymentsheet:21.0.1] AndroidManifest.xml:21:13-97
86            android:exported="false"
86-->[com.stripe:paymentsheet:21.0.1] AndroidManifest.xml:22:13-37
87            android:theme="@style/StripePaymentSheetDefaultTheme" />
87-->[com.stripe:paymentsheet:21.0.1] AndroidManifest.xml:23:13-66
88        <activity
88-->[com.stripe:paymentsheet:21.0.1] AndroidManifest.xml:24:9-27:69
89            android:name="com.stripe.android.paymentsheet.paymentdatacollection.bacs.BacsMandateConfirmationActivity"
89-->[com.stripe:paymentsheet:21.0.1] AndroidManifest.xml:25:13-118
90            android:exported="false"
90-->[com.stripe:paymentsheet:21.0.1] AndroidManifest.xml:26:13-37
91            android:theme="@style/StripePaymentSheetDefaultTheme" />
91-->[com.stripe:paymentsheet:21.0.1] AndroidManifest.xml:27:13-66
92        <activity
92-->[com.stripe:paymentsheet:21.0.1] AndroidManifest.xml:28:9-31:69
93            android:name="com.stripe.android.paymentsheet.paymentdatacollection.polling.PollingActivity"
93-->[com.stripe:paymentsheet:21.0.1] AndroidManifest.xml:29:13-105
94            android:exported="false"
94-->[com.stripe:paymentsheet:21.0.1] AndroidManifest.xml:30:13-37
95            android:theme="@style/StripePaymentSheetDefaultTheme" />
95-->[com.stripe:paymentsheet:21.0.1] AndroidManifest.xml:31:13-66
96        <activity
96-->[com.stripe:paymentsheet:21.0.1] AndroidManifest.xml:32:9-35:69
97            android:name="com.stripe.android.paymentsheet.ui.SepaMandateActivity"
97-->[com.stripe:paymentsheet:21.0.1] AndroidManifest.xml:33:13-82
98            android:exported="false"
98-->[com.stripe:paymentsheet:21.0.1] AndroidManifest.xml:34:13-37
99            android:theme="@style/StripePaymentSheetDefaultTheme" />
99-->[com.stripe:paymentsheet:21.0.1] AndroidManifest.xml:35:13-66
100        <activity
100-->[com.stripe:paymentsheet:21.0.1] AndroidManifest.xml:36:9-39:68
101            android:name="com.stripe.android.paymentsheet.ExternalPaymentMethodProxyActivity"
101-->[com.stripe:paymentsheet:21.0.1] AndroidManifest.xml:37:13-94
102            android:exported="false"
102-->[com.stripe:paymentsheet:21.0.1] AndroidManifest.xml:38:13-37
103            android:theme="@style/StripePayLauncherDefaultTheme" />
103-->[com.stripe:paymentsheet:21.0.1] AndroidManifest.xml:39:13-65
104        <activity
104-->[com.stripe:paymentsheet:21.0.1] AndroidManifest.xml:40:9-42:69
105            android:name="com.stripe.android.paymentsheet.paymentdatacollection.cvcrecollection.CvcRecollectionActivity"
105-->[com.stripe:paymentsheet:21.0.1] AndroidManifest.xml:41:13-121
106            android:theme="@style/StripePaymentSheetDefaultTheme" />
106-->[com.stripe:paymentsheet:21.0.1] AndroidManifest.xml:42:13-66
107        <activity
107-->[com.stripe:link:21.0.1] AndroidManifest.xml:8:9-15:58
108            android:name="com.stripe.android.link.LinkActivity"
108-->[com.stripe:link:21.0.1] AndroidManifest.xml:9:13-64
109            android:autoRemoveFromRecents="true"
109-->[com.stripe:link:21.0.1] AndroidManifest.xml:10:13-49
110            android:configChanges="orientation|keyboard|keyboardHidden|screenLayout|screenSize|smallestScreenSize"
110-->[com.stripe:link:21.0.1] AndroidManifest.xml:11:13-115
111            android:exported="false"
111-->[com.stripe:link:21.0.1] AndroidManifest.xml:12:13-37
112            android:label="@string/stripe_link"
112-->[com.stripe:link:21.0.1] AndroidManifest.xml:13:13-48
113            android:theme="@style/StripeLinkBaseTheme"
113-->[com.stripe:link:21.0.1] AndroidManifest.xml:14:13-55
114            android:windowSoftInputMode="adjustResize" />
114-->[com.stripe:link:21.0.1] AndroidManifest.xml:15:13-55
115        <activity
115-->[com.stripe:link:21.0.1] AndroidManifest.xml:16:9-21:61
116            android:name="com.stripe.android.link.LinkForegroundActivity"
116-->[com.stripe:link:21.0.1] AndroidManifest.xml:17:13-74
117            android:autoRemoveFromRecents="true"
117-->[com.stripe:link:21.0.1] AndroidManifest.xml:18:13-49
118            android:configChanges="orientation|keyboard|keyboardHidden|screenLayout|screenSize|smallestScreenSize"
118-->[com.stripe:link:21.0.1] AndroidManifest.xml:19:13-115
119            android:launchMode="singleTop"
119-->[com.stripe:link:21.0.1] AndroidManifest.xml:20:13-43
120            android:theme="@style/StripeTransparentTheme" />
120-->[com.stripe:link:21.0.1] AndroidManifest.xml:21:13-58
121        <activity
121-->[com.stripe:link:21.0.1] AndroidManifest.xml:22:9-39:20
122            android:name="com.stripe.android.link.LinkRedirectHandlerActivity"
122-->[com.stripe:link:21.0.1] AndroidManifest.xml:23:13-79
123            android:autoRemoveFromRecents="true"
123-->[com.stripe:link:21.0.1] AndroidManifest.xml:24:13-49
124            android:exported="true"
124-->[com.stripe:link:21.0.1] AndroidManifest.xml:25:13-36
125            android:launchMode="singleInstance"
125-->[com.stripe:link:21.0.1] AndroidManifest.xml:26:13-48
126            android:theme="@style/StripeTransparentTheme" >
126-->[com.stripe:link:21.0.1] AndroidManifest.xml:27:13-58
127            <intent-filter>
127-->[com.stripe:link:21.0.1] AndroidManifest.xml:28:13-38:29
128                <action android:name="android.intent.action.VIEW" />
128-->[com.stripe:link:21.0.1] AndroidManifest.xml:29:17-69
128-->[com.stripe:link:21.0.1] AndroidManifest.xml:29:25-66
129
130                <category android:name="android.intent.category.DEFAULT" />
130-->[com.stripe:link:21.0.1] AndroidManifest.xml:31:17-76
130-->[com.stripe:link:21.0.1] AndroidManifest.xml:31:27-73
131                <category android:name="android.intent.category.BROWSABLE" />
131-->[com.stripe:link:21.0.1] AndroidManifest.xml:32:17-78
131-->[com.stripe:link:21.0.1] AndroidManifest.xml:32:27-75
132
133                <data
133-->[com.stripe:link:21.0.1] AndroidManifest.xml:34:17-37:51
134                    android:host="complete"
134-->[com.stripe:link:21.0.1] AndroidManifest.xml:35:21-44
135                    android:path="/com.example.agriconnect"
135-->[com.stripe:link:21.0.1] AndroidManifest.xml:36:21-53
136                    android:scheme="link-popup" />
136-->[com.stripe:link:21.0.1] AndroidManifest.xml:37:21-48
137            </intent-filter>
138        </activity>
139        <activity
139-->[com.stripe:payments-ui-core:21.0.1] AndroidManifest.xml:8:9-11:69
140            android:name="com.stripe.android.ui.core.cardscan.CardScanActivity"
140-->[com.stripe:payments-ui-core:21.0.1] AndroidManifest.xml:9:13-80
141            android:exported="false"
141-->[com.stripe:payments-ui-core:21.0.1] AndroidManifest.xml:10:13-37
142            android:theme="@style/StripePaymentSheetDefaultTheme" />
142-->[com.stripe:payments-ui-core:21.0.1] AndroidManifest.xml:11:13-66
143        <activity
143-->[com.stripe:payments-core:21.0.1] AndroidManifest.xml:15:9-18:57
144            android:name="com.stripe.android.view.PaymentAuthWebViewActivity"
144-->[com.stripe:payments-core:21.0.1] AndroidManifest.xml:16:13-78
145            android:exported="false"
145-->[com.stripe:payments-core:21.0.1] AndroidManifest.xml:17:13-37
146            android:theme="@style/StripeDefaultTheme" />
146-->[com.stripe:payments-core:21.0.1] AndroidManifest.xml:18:13-54
147        <activity
147-->[com.stripe:payments-core:21.0.1] AndroidManifest.xml:19:9-22:61
148            android:name="com.stripe.android.view.PaymentRelayActivity"
148-->[com.stripe:payments-core:21.0.1] AndroidManifest.xml:20:13-72
149            android:exported="false"
149-->[com.stripe:payments-core:21.0.1] AndroidManifest.xml:21:13-37
150            android:theme="@style/StripeTransparentTheme" />
150-->[com.stripe:payments-core:21.0.1] AndroidManifest.xml:22:13-58
151        <!--
152        Set android:launchMode="singleTop" so that the StripeBrowserLauncherActivity instance that
153        launched the browser Activity will also handle the return URL deep link.
154        -->
155        <activity
155-->[com.stripe:payments-core:21.0.1] AndroidManifest.xml:28:9-32:61
156            android:name="com.stripe.android.payments.StripeBrowserLauncherActivity"
156-->[com.stripe:payments-core:21.0.1] AndroidManifest.xml:29:13-85
157            android:exported="false"
157-->[com.stripe:payments-core:21.0.1] AndroidManifest.xml:30:13-37
158            android:launchMode="singleTask"
158-->[com.stripe:payments-core:21.0.1] AndroidManifest.xml:31:13-44
159            android:theme="@style/StripeTransparentTheme" />
159-->[com.stripe:payments-core:21.0.1] AndroidManifest.xml:32:13-58
160        <activity
160-->[com.stripe:payments-core:21.0.1] AndroidManifest.xml:33:9-50:20
161            android:name="com.stripe.android.payments.StripeBrowserProxyReturnActivity"
161-->[com.stripe:payments-core:21.0.1] AndroidManifest.xml:34:13-88
162            android:exported="true"
162-->[com.stripe:payments-core:21.0.1] AndroidManifest.xml:35:13-36
163            android:launchMode="singleTask"
163-->[com.stripe:payments-core:21.0.1] AndroidManifest.xml:36:13-44
164            android:theme="@style/StripeTransparentTheme" >
164-->[com.stripe:payments-core:21.0.1] AndroidManifest.xml:37:13-58
165            <intent-filter>
165-->[com.stripe:payments-core:21.0.1] AndroidManifest.xml:38:13-49:29
166                <action android:name="android.intent.action.VIEW" />
166-->[com.stripe:link:21.0.1] AndroidManifest.xml:29:17-69
166-->[com.stripe:link:21.0.1] AndroidManifest.xml:29:25-66
167
168                <category android:name="android.intent.category.DEFAULT" />
168-->[com.stripe:link:21.0.1] AndroidManifest.xml:31:17-76
168-->[com.stripe:link:21.0.1] AndroidManifest.xml:31:27-73
169                <category android:name="android.intent.category.BROWSABLE" />
169-->[com.stripe:link:21.0.1] AndroidManifest.xml:32:17-78
169-->[com.stripe:link:21.0.1] AndroidManifest.xml:32:27-75
170
171                <!-- Must match `DefaultReturnUrl#value`. -->
172                <data
172-->[com.stripe:link:21.0.1] AndroidManifest.xml:34:17-37:51
173                    android:host="payment_return_url"
173-->[com.stripe:link:21.0.1] AndroidManifest.xml:35:21-44
174                    android:path="/com.example.agriconnect"
174-->[com.stripe:link:21.0.1] AndroidManifest.xml:36:21-53
175                    android:scheme="stripesdk" />
175-->[com.stripe:link:21.0.1] AndroidManifest.xml:37:21-48
176            </intent-filter>
177        </activity>
178        <activity
178-->[com.stripe:payments-core:21.0.1] AndroidManifest.xml:51:9-54:57
179            android:name="com.stripe.android.payments.core.authentication.threeds2.Stripe3ds2TransactionActivity"
179-->[com.stripe:payments-core:21.0.1] AndroidManifest.xml:52:13-114
180            android:exported="false"
180-->[com.stripe:payments-core:21.0.1] AndroidManifest.xml:53:13-37
181            android:theme="@style/StripeDefaultTheme" />
181-->[com.stripe:payments-core:21.0.1] AndroidManifest.xml:54:13-54
182        <activity
182-->[com.stripe:payments-core:21.0.1] AndroidManifest.xml:55:9-58:66
183            android:name="com.stripe.android.googlepaylauncher.GooglePayLauncherActivity"
183-->[com.stripe:payments-core:21.0.1] AndroidManifest.xml:56:13-90
184            android:exported="false"
184-->[com.stripe:payments-core:21.0.1] AndroidManifest.xml:57:13-37
185            android:theme="@style/StripeGooglePayDefaultTheme" />
185-->[com.stripe:payments-core:21.0.1] AndroidManifest.xml:58:13-63
186        <activity
186-->[com.stripe:payments-core:21.0.1] AndroidManifest.xml:59:9-62:66
187            android:name="com.stripe.android.googlepaylauncher.GooglePayPaymentMethodLauncherActivity"
187-->[com.stripe:payments-core:21.0.1] AndroidManifest.xml:60:13-103
188            android:exported="false"
188-->[com.stripe:payments-core:21.0.1] AndroidManifest.xml:61:13-37
189            android:theme="@style/StripeGooglePayDefaultTheme" />
189-->[com.stripe:payments-core:21.0.1] AndroidManifest.xml:62:13-63
190        <activity
190-->[com.stripe:payments-core:21.0.1] AndroidManifest.xml:63:9-66:68
191            android:name="com.stripe.android.payments.paymentlauncher.PaymentLauncherConfirmationActivity"
191-->[com.stripe:payments-core:21.0.1] AndroidManifest.xml:64:13-107
192            android:exported="false"
192-->[com.stripe:payments-core:21.0.1] AndroidManifest.xml:65:13-37
193            android:theme="@style/StripePayLauncherDefaultTheme" />
193-->[com.stripe:payments-core:21.0.1] AndroidManifest.xml:66:13-65
194        <activity
194-->[com.stripe:payments-core:21.0.1] AndroidManifest.xml:67:9-70:61
195            android:name="com.stripe.android.payments.bankaccount.ui.CollectBankAccountActivity"
195-->[com.stripe:payments-core:21.0.1] AndroidManifest.xml:68:13-97
196            android:exported="false"
196-->[com.stripe:payments-core:21.0.1] AndroidManifest.xml:69:13-37
197            android:theme="@style/StripeTransparentTheme" />
197-->[com.stripe:payments-core:21.0.1] AndroidManifest.xml:70:13-58
198        <activity
198-->[com.stripe:stripe-3ds2-android:6.1.8] AndroidManifest.xml:8:9-11:54
199            android:name="com.stripe.android.stripe3ds2.views.ChallengeActivity"
199-->[com.stripe:stripe-3ds2-android:6.1.8] AndroidManifest.xml:9:13-81
200            android:exported="false"
200-->[com.stripe:stripe-3ds2-android:6.1.8] AndroidManifest.xml:10:13-37
201            android:theme="@style/Stripe3DS2Theme" />
201-->[com.stripe:stripe-3ds2-android:6.1.8] AndroidManifest.xml:11:13-51
202        <activity
202-->[com.google.firebase:firebase-auth:23.0.0] AndroidManifest.xml:29:9-46:20
203            android:name="com.google.firebase.auth.internal.GenericIdpActivity"
203-->[com.google.firebase:firebase-auth:23.0.0] AndroidManifest.xml:30:13-80
204            android:excludeFromRecents="true"
204-->[com.google.firebase:firebase-auth:23.0.0] AndroidManifest.xml:31:13-46
205            android:exported="true"
205-->[com.google.firebase:firebase-auth:23.0.0] AndroidManifest.xml:32:13-36
206            android:launchMode="singleTask"
206-->[com.google.firebase:firebase-auth:23.0.0] AndroidManifest.xml:33:13-44
207            android:theme="@android:style/Theme.Translucent.NoTitleBar" >
207-->[com.google.firebase:firebase-auth:23.0.0] AndroidManifest.xml:34:13-72
208            <intent-filter>
208-->[com.google.firebase:firebase-auth:23.0.0] AndroidManifest.xml:35:13-45:29
209                <action android:name="android.intent.action.VIEW" />
209-->[com.stripe:link:21.0.1] AndroidManifest.xml:29:17-69
209-->[com.stripe:link:21.0.1] AndroidManifest.xml:29:25-66
210
211                <category android:name="android.intent.category.DEFAULT" />
211-->[com.stripe:link:21.0.1] AndroidManifest.xml:31:17-76
211-->[com.stripe:link:21.0.1] AndroidManifest.xml:31:27-73
212                <category android:name="android.intent.category.BROWSABLE" />
212-->[com.stripe:link:21.0.1] AndroidManifest.xml:32:17-78
212-->[com.stripe:link:21.0.1] AndroidManifest.xml:32:27-75
213
214                <data
214-->[com.stripe:link:21.0.1] AndroidManifest.xml:34:17-37:51
215                    android:host="firebase.auth"
215-->[com.stripe:link:21.0.1] AndroidManifest.xml:35:21-44
216                    android:path="/"
216-->[com.stripe:link:21.0.1] AndroidManifest.xml:36:21-53
217                    android:scheme="genericidp" />
217-->[com.stripe:link:21.0.1] AndroidManifest.xml:37:21-48
218            </intent-filter>
219        </activity>
220        <activity
220-->[com.google.firebase:firebase-auth:23.0.0] AndroidManifest.xml:47:9-64:20
221            android:name="com.google.firebase.auth.internal.RecaptchaActivity"
221-->[com.google.firebase:firebase-auth:23.0.0] AndroidManifest.xml:48:13-79
222            android:excludeFromRecents="true"
222-->[com.google.firebase:firebase-auth:23.0.0] AndroidManifest.xml:49:13-46
223            android:exported="true"
223-->[com.google.firebase:firebase-auth:23.0.0] AndroidManifest.xml:50:13-36
224            android:launchMode="singleTask"
224-->[com.google.firebase:firebase-auth:23.0.0] AndroidManifest.xml:51:13-44
225            android:theme="@android:style/Theme.Translucent.NoTitleBar" >
225-->[com.google.firebase:firebase-auth:23.0.0] AndroidManifest.xml:52:13-72
226            <intent-filter>
226-->[com.google.firebase:firebase-auth:23.0.0] AndroidManifest.xml:53:13-63:29
227                <action android:name="android.intent.action.VIEW" />
227-->[com.stripe:link:21.0.1] AndroidManifest.xml:29:17-69
227-->[com.stripe:link:21.0.1] AndroidManifest.xml:29:25-66
228
229                <category android:name="android.intent.category.DEFAULT" />
229-->[com.stripe:link:21.0.1] AndroidManifest.xml:31:17-76
229-->[com.stripe:link:21.0.1] AndroidManifest.xml:31:27-73
230                <category android:name="android.intent.category.BROWSABLE" />
230-->[com.stripe:link:21.0.1] AndroidManifest.xml:32:17-78
230-->[com.stripe:link:21.0.1] AndroidManifest.xml:32:27-75
231
232                <data
232-->[com.stripe:link:21.0.1] AndroidManifest.xml:34:17-37:51
233                    android:host="firebase.auth"
233-->[com.stripe:link:21.0.1] AndroidManifest.xml:35:21-44
234                    android:path="/"
234-->[com.stripe:link:21.0.1] AndroidManifest.xml:36:21-53
235                    android:scheme="recaptcha" />
235-->[com.stripe:link:21.0.1] AndroidManifest.xml:37:21-48
236            </intent-filter>
237        </activity>
238
239        <service
239-->[com.google.firebase:firebase-auth:23.0.0] AndroidManifest.xml:66:9-72:19
240            android:name="com.google.firebase.components.ComponentDiscoveryService"
240-->[com.google.firebase:firebase-auth:23.0.0] AndroidManifest.xml:67:13-84
241            android:directBootAware="true"
241-->[com.google.firebase:firebase-common:21.0.0] AndroidManifest.xml:32:13-43
242            android:exported="false" >
242-->[com.google.firebase:firebase-auth:23.0.0] AndroidManifest.xml:68:13-37
243            <meta-data
243-->[com.google.firebase:firebase-auth:23.0.0] AndroidManifest.xml:69:13-71:85
244                android:name="com.google.firebase.components:com.google.firebase.auth.FirebaseAuthRegistrar"
244-->[com.google.firebase:firebase-auth:23.0.0] AndroidManifest.xml:70:17-109
245                android:value="com.google.firebase.components.ComponentRegistrar" />
245-->[com.google.firebase:firebase-auth:23.0.0] AndroidManifest.xml:71:17-82
246            <meta-data
246-->[com.google.firebase:firebase-firestore:25.1.0] AndroidManifest.xml:17:13-19:85
247                android:name="com.google.firebase.components:com.google.firebase.firestore.FirebaseFirestoreKtxRegistrar"
247-->[com.google.firebase:firebase-firestore:25.1.0] AndroidManifest.xml:18:17-122
248                android:value="com.google.firebase.components.ComponentRegistrar" />
248-->[com.google.firebase:firebase-firestore:25.1.0] AndroidManifest.xml:19:17-82
249            <meta-data
249-->[com.google.firebase:firebase-firestore:25.1.0] AndroidManifest.xml:20:13-22:85
250                android:name="com.google.firebase.components:com.google.firebase.firestore.FirestoreRegistrar"
250-->[com.google.firebase:firebase-firestore:25.1.0] AndroidManifest.xml:21:17-111
251                android:value="com.google.firebase.components.ComponentRegistrar" />
251-->[com.google.firebase:firebase-firestore:25.1.0] AndroidManifest.xml:22:17-82
252            <meta-data
252-->[com.google.android.gms:play-services-measurement-api:22.1.0] AndroidManifest.xml:37:13-39:85
253                android:name="com.google.firebase.components:com.google.firebase.analytics.connector.internal.AnalyticsConnectorRegistrar"
253-->[com.google.android.gms:play-services-measurement-api:22.1.0] AndroidManifest.xml:38:17-139
254                android:value="com.google.firebase.components.ComponentRegistrar" />
254-->[com.google.android.gms:play-services-measurement-api:22.1.0] AndroidManifest.xml:39:17-82
255            <meta-data
255-->[com.google.firebase:firebase-storage:21.0.0] AndroidManifest.xml:30:13-32:85
256                android:name="com.google.firebase.components:com.google.firebase.storage.FirebaseStorageKtxRegistrar"
256-->[com.google.firebase:firebase-storage:21.0.0] AndroidManifest.xml:31:17-118
257                android:value="com.google.firebase.components.ComponentRegistrar" />
257-->[com.google.firebase:firebase-storage:21.0.0] AndroidManifest.xml:32:17-82
258            <meta-data
258-->[com.google.firebase:firebase-storage:21.0.0] AndroidManifest.xml:33:13-35:85
259                android:name="com.google.firebase.components:com.google.firebase.storage.StorageRegistrar"
259-->[com.google.firebase:firebase-storage:21.0.0] AndroidManifest.xml:34:17-107
260                android:value="com.google.firebase.components.ComponentRegistrar" />
260-->[com.google.firebase:firebase-storage:21.0.0] AndroidManifest.xml:35:17-82
261            <meta-data
261-->[com.google.firebase:firebase-appcheck:18.0.0] AndroidManifest.xml:25:13-27:85
262                android:name="com.google.firebase.components:com.google.firebase.appcheck.FirebaseAppCheckKtxRegistrar"
262-->[com.google.firebase:firebase-appcheck:18.0.0] AndroidManifest.xml:26:17-120
263                android:value="com.google.firebase.components.ComponentRegistrar" />
263-->[com.google.firebase:firebase-appcheck:18.0.0] AndroidManifest.xml:27:17-82
264            <meta-data
264-->[com.google.firebase:firebase-appcheck:18.0.0] AndroidManifest.xml:28:13-30:85